2018-07-28 16:33:47,063  INFO SpringBootTestContextBootstrapper:308 - Neither @ContextConfiguration nor @ContextHierarchy found for test class [com.example.space.ApplicationTest], using SpringBootContextLoader
2018-07-28 16:33:47,070  INFO AbstractContextLoader:264 - Could not detect default resource locations for test class [com.example.space.ApplicationTest]: no resource found for suffixes {-context.xml, Context.groovy}.
2018-07-28 16:33:47,071  INFO AnnotationConfigContextLoaderUtils:82 - Could not detect default configuration classes for test class [com.example.space.ApplicationTest]: ApplicationTest does not declare any static, non-private, non-final, nested classes annotated with @Configuration.
2018-07-28 16:33:47,178  INFO SpringBootTestContextBootstrapper:244 - Found @SpringBootConfiguration com.example.space.Application for test class com.example.space.ApplicationTest
2018-07-28 16:33:47,273  INFO SpringBootTestContextBootstrapper:248 - Loaded default TestExecutionListener class names from location [META-INF/spring.factories]: [org.springframework.boot.test.mock.mockito.MockitoTestExecutionListener, org.springframework.boot.test.mock.mockito.ResetMocksTestExecutionListener, org.springframework.boot.test.autoconfigure.restdocs.RestDocsTestExecutionListener, org.springframework.boot.test.autoconfigure.web.client.MockRestServiceServerResetTestExecutionListener, org.springframework.boot.test.autoconfigure.web.servlet.MockMvcPrintOnlyOnFailureTestExecutionListener, org.springframework.boot.test.autoconfigure.web.servlet.WebDriverTestExecutionListener, org.springframework.test.context.web.ServletTestExecutionListener, org.springframework.test.context.support.DirtiesContextBeforeModesTestExecutionListener, org.springframework.test.context.support.DependencyInjectionTestExecutionListener, org.springframework.test.context.support.DirtiesContextTestExecutionListener, org.springframework.test.context.transaction.TransactionalTestExecutionListener, org.springframework.test.context.jdbc.SqlScriptsTestExecutionListener]
2018-07-28 16:33:47,393  INFO SpringBootTestContextBootstrapper:177 - Using TestExecutionListeners: [org.springframework.test.context.web.ServletTestExecutionListener@120f102b, org.springframework.test.context.support.DirtiesContextBeforeModesTestExecutionListener@625732, org.springframework.boot.test.mock.mockito.MockitoTestExecutionListener@51dcb805, org.springframework.boot.test.autoconfigure.SpringBootDependencyInjectionTestExecutionListener@66498326, org.springframework.test.context.support.DirtiesContextTestExecutionListener@cad498c, org.springframework.test.context.transaction.TransactionalTestExecutionListener@1e6454ec, org.springframework.test.context.jdbc.SqlScriptsTestExecutionListener@2accdbb5, org.springframework.boot.test.mock.mockito.ResetMocksTestExecutionListener@b62d79, org.springframework.boot.test.autoconfigure.restdocs.RestDocsTestExecutionListener@6631f5ca, org.springframework.boot.test.autoconfigure.web.client.MockRestServiceServerResetTestExecutionListener@5ace1ed4, org.springframework.boot.test.autoconfigure.web.servlet.MockMvcPrintOnlyOnFailureTestExecutionListener@1613674b, org.springframework.boot.test.autoconfigure.web.servlet.WebDriverTestExecutionListener@27ff5d15]
2018-07-28 16:33:47,479  INFO Version:21 - HV000001: Hibernate Validator 6.0.7.Final
2018-07-28 16:33:47,682  INFO ApplicationTest:50 - Starting ApplicationTest on liyu-pc with PID 7097 (started by liyu in /home/liyu/repo/springboot_tutorial)
2018-07-28 16:33:47,682  INFO ApplicationTest:656 - The following profiles are active: dev
2018-07-28 16:33:47,703  INFO GenericWebApplicationContext:589 - Refreshing org.springframework.web.context.support.GenericWebApplicationContext@39de3d36: startup date [Sat Jul 28 16:33:47 CST 2018]; root of context hierarchy
2018-07-28 16:33:48,306  INFO RepositoryConfigurationDelegate:163 - Multiple Spring Data modules found, entering strict repository configuration mode!
2018-07-28 16:33:48,344  INFO RepositoryConfigurationDelegate:163 - Multiple Spring Data modules found, entering strict repository configuration mode!
2018-07-28 16:33:48,485  INFO RepositoryConfigurationDelegate:163 - Multiple Spring Data modules found, entering strict repository configuration mode!
2018-07-28 16:33:48,500  INFO RepositoryConfigurationExtensionSupport:283 - Spring Data MongoDB - Could not safely identify store assignment for repository candidate interface com.example.space.api.domain.primary.UserRepository.
2018-07-28 16:33:48,502  INFO RepositoryConfigurationExtensionSupport:283 - Spring Data MongoDB - Could not safely identify store assignment for repository candidate interface com.example.space.api.domain.secondary.MessageRepository.
2018-07-28 16:33:48,503  INFO DefaultListableBeanFactory:824 - Overriding bean definition for bean 'userMongoRepository' with a different definition: replacing [Root bean: class [org.springframework.data.jpa.repository.support.JpaRepositoryFactoryBean]; scope=; abstract=false; lazyInit=false; autowireMode=0; dependencyCheck=0; autowireCandidate=true; primary=false; factoryBeanName=null; factoryMethodName=null; initMethodName=null; destroyMethodName=null] with [Root bean: class [org.springframework.data.mongodb.repository.support.MongoRepositoryFactoryBean]; scope=; abstract=false; lazyInit=false; autowireMode=0; dependencyCheck=0; autowireCandidate=true; primary=false; factoryBeanName=null; factoryMethodName=null; initMethodName=null; destroyMethodName=null]
2018-07-28 16:33:48,512  INFO RepositoryConfigurationDelegate:163 - Multiple Spring Data modules found, entering strict repository configuration mode!
2018-07-28 16:33:48,520  INFO RepositoryConfigurationExtensionSupport:283 - Spring Data Redis - Could not safely identify store assignment for repository candidate interface com.example.space.api.domain.primary.UserMongoRepository.
2018-07-28 16:33:48,520  INFO RepositoryConfigurationExtensionSupport:283 - Spring Data Redis - Could not safely identify store assignment for repository candidate interface com.example.space.api.domain.primary.UserRepository.
2018-07-28 16:33:48,521  INFO RepositoryConfigurationExtensionSupport:283 - Spring Data Redis - Could not safely identify store assignment for repository candidate interface com.example.space.api.domain.secondary.MessageRepository.
2018-07-28 16:33:49,010  INFO PostProcessorRegistrationDelegate$BeanPostProcessorChecker:328 - Bean 'org.springframework.cache.annotation.ProxyCachingConfiguration' of type [org.springframework.cache.annotation.ProxyCachingConfiguration$$EnhancerBySpringCGLIB$$583d3c4] is not eligible for getting processed by all BeanPostProcessors (for example: not eligible for auto-proxying)
2018-07-28 16:33:49,031  INFO PostProcessorRegistrationDelegate$BeanPostProcessorChecker:328 - Bean 'org.springframework.boot.autoconfigure.cache.CacheAutoConfiguration' of type [org.springframework.boot.autoconfigure.cache.CacheAutoConfiguration$$EnhancerBySpringCGLIB$$f9f79868] is not eligible for getting processed by all BeanPostProcessors (for example: not eligible for auto-proxying)
2018-07-28 16:33:49,054  INFO PostProcessorRegistrationDelegate$BeanPostProcessorChecker:328 - Bean 'org.springframework.boot.context.properties.ConversionServiceDeducer$Factory' of type [org.springframework.boot.context.properties.ConversionServiceDeducer$Factory] is not eligible for getting processed by all BeanPostProcessors (for example: not eligible for auto-proxying)
2018-07-28 16:33:49,058  INFO PostProcessorRegistrationDelegate$BeanPostProcessorChecker:328 - Bean 'spring.cache-org.springframework.boot.autoconfigure.cache.CacheProperties' of type [org.springframework.boot.autoconfigure.cache.CacheProperties] is not eligible for getting processed by all BeanPostProcessors (for example: not eligible for auto-proxying)
2018-07-28 16:33:49,068  INFO PostProcessorRegistrationDelegate$BeanPostProcessorChecker:328 - Bean 'cacheManagerCustomizers' of type [org.springframework.boot.autoconfigure.cache.CacheManagerCustomizers] is not eligible for getting processed by all BeanPostProcessors (for example: not eligible for auto-proxying)
2018-07-28 16:33:49,071  INFO PostProcessorRegistrationDelegate$BeanPostProcessorChecker:328 - Bean 'org.springframework.boot.autoconfigure.cache.RedisCacheConfiguration' of type [org.springframework.boot.autoconfigure.cache.RedisCacheConfiguration$$EnhancerBySpringCGLIB$$aa8934c2] is not eligible for getting processed by all BeanPostProcessors (for example: not eligible for auto-proxying)
2018-07-28 16:33:49,084  INFO PostProcessorRegistrationDelegate$BeanPostProcessorChecker:328 - Bean 'spring.redis-org.springframework.boot.autoconfigure.data.redis.RedisProperties' of type [org.springframework.boot.autoconfigure.data.redis.RedisProperties] is not eligible for getting processed by all BeanPostProcessors (for example: not eligible for auto-proxying)
2018-07-28 16:33:49,092  INFO PostProcessorRegistrationDelegate$BeanPostProcessorChecker:328 - Bean 'org.springframework.boot.autoconfigure.data.redis.LettuceConnectionConfiguration' of type [org.springframework.boot.autoconfigure.data.redis.LettuceConnectionConfiguration$$EnhancerBySpringCGLIB$$d18b5bf0] is not eligible for getting processed by all BeanPostProcessors (for example: not eligible for auto-proxying)
2018-07-28 16:33:49,216  INFO PostProcessorRegistrationDelegate$BeanPostProcessorChecker:328 - Bean 'lettuceClientResources' of type [io.lettuce.core.resource.DefaultClientResources] is not eligible for getting processed by all BeanPostProcessors (for example: not eligible for auto-proxying)
2018-07-28 16:33:49,285  INFO PostProcessorRegistrationDelegate$BeanPostProcessorChecker:328 - Bean 'redisConnectionFactory' of type [org.springframework.data.redis.connection.lettuce.LettuceConnectionFactory] is not eligible for getting processed by all BeanPostProcessors (for example: not eligible for auto-proxying)
2018-07-28 16:33:49,304  INFO PostProcessorRegistrationDelegate$BeanPostProcessorChecker:328 - Bean 'cacheManager' of type [org.springframework.data.redis.cache.RedisCacheManager] is not eligible for getting processed by all BeanPostProcessors (for example: not eligible for auto-proxying)
2018-07-28 16:33:49,306  INFO PostProcessorRegistrationDelegate$BeanPostProcessorChecker:328 - Bean 'cacheAutoConfigurationValidator' of type [org.springframework.boot.autoconfigure.cache.CacheAutoConfiguration$CacheManagerValidator] is not eligible for getting processed by all BeanPostProcessors (for example: not eligible for auto-proxying)
2018-07-28 16:33:49,323  INFO PostProcessorRegistrationDelegate$BeanPostProcessorChecker:328 - Bean 'org.springframework.transaction.annotation.ProxyTransactionManagementConfiguration' of type [org.springframework.transaction.annotation.ProxyTransactionManagementConfiguration$$EnhancerBySpringCGLIB$$bc719da6] is not eligible for getting processed by all BeanPostProcessors (for example: not eligible for auto-proxying)
2018-07-28 16:33:49,498  INFO HikariDataSource:110 - HikariPool-1 - Starting...
2018-07-28 16:33:49,676  INFO HikariDataSource:123 - HikariPool-1 - Start completed.
2018-07-28 16:33:49,719  INFO LocalContainerEntityManagerFactoryBean:361 - Building JPA container EntityManagerFactory for persistence unit 'primaryPersistenceUnit'
2018-07-28 16:33:49,739  INFO LogHelper:31 - HHH000204: Processing PersistenceUnitInfo [
	name: primaryPersistenceUnit
	...]
2018-07-28 16:33:49,814  INFO Version:45 - HHH000412: Hibernate Core {5.2.14.Final}
2018-07-28 16:33:49,816  INFO Environment:213 - HHH000206: hibernate.properties not found
2018-07-28 16:33:49,843  INFO Version:66 - HCANN000001: Hibernate Commons Annotations {5.0.1.Final}
2018-07-28 16:33:49,935  INFO HikariDataSource:110 - HikariPool-2 - Starting...
2018-07-28 16:33:49,938  INFO HikariDataSource:123 - HikariPool-2 - Start completed.
2018-07-28 16:33:49,949  INFO Dialect:157 - HHH000400: Using dialect: org.hibernate.dialect.MySQL5Dialect
2018-07-28 16:33:50,340  INFO LocalContainerEntityManagerFactoryBean:394 - Initialized JPA EntityManagerFactory for persistence unit 'primaryPersistenceUnit'
2018-07-28 16:33:50,384  INFO LocalContainerEntityManagerFactoryBean:361 - Building JPA container EntityManagerFactory for persistence unit 'secondaryPersistenceUnit'
2018-07-28 16:33:50,385  INFO LogHelper:31 - HHH000204: Processing PersistenceUnitInfo [
	name: secondaryPersistenceUnit
	...]
2018-07-28 16:33:50,390  INFO Dialect:157 - HHH000400: Using dialect: org.hibernate.dialect.MySQL5Dialect
2018-07-28 16:33:50,419  INFO LocalContainerEntityManagerFactoryBean:394 - Initialized JPA EntityManagerFactory for persistence unit 'secondaryPersistenceUnit'
2018-07-28 16:33:50,855  WARN JpaBaseConfiguration$JpaWebConfiguration$JpaWebMvcConfiguration:235 - spring.jpa.open-in-view is enabled by default. Therefore, database queries may be performed during view rendering. Explicitly configure spring.jpa.open-in-view to disable this warning
2018-07-28 16:33:51,090  INFO cluster:71 - Cluster created with settings {hosts=[localhost:27017], mode=SINGLE, requiredClusterType=UNKNOWN, serverSelectionTimeout='30000 ms', maxWaitQueueSize=500}
2018-07-28 16:33:51,143  INFO connection:71 - Opened connection [connectionId{localValue:1, serverValue:49}] to localhost:27017
2018-07-28 16:33:51,147  INFO cluster:71 - Monitor thread successfully connected to server with description ServerDescription{address=localhost:27017, type=STANDALONE, state=CONNECTED, ok=true, version=ServerVersion{versionList=[4, 0, 0]}, minWireVersion=0, maxWireVersion=7, maxDocumentSize=16777216, logicalSessionTimeoutMinutes=30, roundTripTimeNanos=2378262}
2018-07-28 16:33:51,785  INFO QueryTranslatorFactoryInitiator:47 - HHH000397: Using ASTQueryTranslatorFactory
2018-07-28 16:33:51,915  INFO RequestMappingHandlerMapping:548 - Mapped "{[/hello]}" onto public java.lang.String com.example.space.api.web.HelloController.hello()
2018-07-28 16:33:51,916  INFO RequestMappingHandlerMapping:548 - Mapped "{[/testErrorHandler]}" onto public java.lang.String com.example.space.api.web.HelloController.testErrorHandler(org.springframework.ui.ModelMap) throws java.lang.Exception
2018-07-28 16:33:51,916  INFO RequestMappingHandlerMapping:548 - Mapped "{[/testMyException]}" onto public java.lang.String com.example.space.api.web.HelloController.testMyException(org.springframework.ui.ModelMap) throws java.lang.Exception
2018-07-28 16:33:51,917  INFO RequestMappingHandlerMapping:548 - Mapped "{[/]}" onto public java.lang.String com.example.space.api.web.HelloController.index(org.springframework.ui.ModelMap)
2018-07-28 16:33:51,921  INFO RequestMappingHandlerMapping:548 - Mapped "{[/users/],methods=[GET]}" onto public java.lang.Integer com.example.space.api.web.UserController.getUserList()
2018-07-28 16:33:51,922  INFO RequestMappingHandlerMapping:548 - Mapped "{[/users/],methods=[POST]}" onto public java.lang.String com.example.space.api.web.UserController.postUser(com.example.space.api.domain.primary.User)
2018-07-28 16:33:51,922  INFO RequestMappingHandlerMapping:548 - Mapped "{[/users/{id}],methods=[GET]}" onto public com.example.space.api.domain.primary.User com.example.space.api.web.UserController.getUser(java.lang.Long)
2018-07-28 16:33:51,922  INFO RequestMappingHandlerMapping:548 - Mapped "{[/users/{id}],methods=[PUT]}" onto public java.lang.String com.example.space.api.web.UserController.putUser(java.lang.Long,com.example.space.api.domain.primary.User)
2018-07-28 16:33:51,922  INFO RequestMappingHandlerMapping:548 - Mapped "{[/users],methods=[DELETE]}" onto public java.lang.String com.example.space.api.web.UserController.deleteUser(java.lang.Long)
2018-07-28 16:33:51,927  INFO RequestMappingHandlerMapping:548 - Mapped "{[/swagger-resources]}" onto public org.springframework.http.ResponseEntity<java.util.List<springfox.documentation.swagger.web.SwaggerResource>> springfox.documentation.swagger.web.ApiResourceController.swaggerResources()
2018-07-28 16:33:51,927  INFO RequestMappingHandlerMapping:548 - Mapped "{[/swagger-resources/configuration/ui]}" onto public org.springframework.http.ResponseEntity<springfox.documentation.swagger.web.UiConfiguration> springfox.documentation.swagger.web.ApiResourceController.uiConfiguration()
2018-07-28 16:33:51,927  INFO RequestMappingHandlerMapping:548 - Mapped "{[/swagger-resources/configuration/security]}" onto public org.springframework.http.ResponseEntity<springfox.documentation.swagger.web.SecurityConfiguration> springfox.documentation.swagger.web.ApiResourceController.securityConfiguration()
2018-07-28 16:33:51,932  INFO RequestMappingHandlerMapping:548 - Mapped "{[/error],produces=[text/html]}" onto public org.springframework.web.servlet.ModelAndView org.springframework.boot.autoconfigure.web.servlet.error.BasicErrorController.errorHtml(javax.servlet.http.HttpServletRequest,javax.servlet.http.HttpServletResponse)
2018-07-28 16:33:51,933  INFO RequestMappingHandlerMapping:548 - Mapped "{[/error]}" onto public org.springframework.http.ResponseEntity<java.util.Map<java.lang.String, java.lang.Object>> org.springframework.boot.autoconfigure.web.servlet.error.BasicErrorController.error(javax.servlet.http.HttpServletRequest)
2018-07-28 16:33:52,079  INFO PropertySourcedRequestMappingHandlerMapping:69 - Mapped URL path [/v2/api-docs] onto method [public org.springframework.http.ResponseEntity<springfox.documentation.spring.web.json.Json> springfox.documentation.swagger2.web.Swagger2Controller.getDocumentation(java.lang.String,javax.servlet.http.HttpServletRequest)]
2018-07-28 16:33:52,622  INFO RequestMappingHandlerAdapter:567 - Looking for @ControllerAdvice: org.springframework.web.context.support.GenericWebApplicationContext@39de3d36: startup date [Sat Jul 28 16:33:47 CST 2018]; root of context hierarchy
2018-07-28 16:33:52,729  INFO SimpleUrlHandlerMapping:373 - Mapped URL path [/webjars/**] onto handler of type [class org.springframework.web.servlet.resource.ResourceHttpRequestHandler]
2018-07-28 16:33:52,729  INFO SimpleUrlHandlerMapping:373 - Mapped URL path [/**] onto handler of type [class org.springframework.web.servlet.resource.ResourceHttpRequestHandler]
2018-07-28 16:33:52,760  INFO ExceptionHandlerExceptionResolver:289 - Detected @ExceptionHandler methods in globalExceptionHandler
2018-07-28 16:33:52,839  INFO SimpleUrlHandlerMapping:373 - Mapped URL path [/**/favicon.ico] onto handler of type [class org.springframework.web.servlet.resource.ResourceHttpRequestHandler]
2018-07-28 16:33:52,951  INFO WelcomePageHandlerMapping:61 - Adding welcome page template: index
2018-07-28 16:33:53,197  INFO DefaultLifecycleProcessor:351 - Starting beans in phase 2147483647
2018-07-28 16:33:53,197  INFO DocumentationPluginsBootstrapper:151 - Context refreshed
2018-07-28 16:33:53,225  INFO DocumentationPluginsBootstrapper:154 - Found 1 custom documentation plugin(s)
2018-07-28 16:33:53,267  INFO ApiListingReferenceScanner:41 - Scanning for api listing references
2018-07-28 16:33:53,388  WARN ParameterDataTypeReader:92 - Trying to infer dataType org.springframework.ui.ModelMap
2018-07-28 16:33:53,392  WARN ParameterDataTypeReader:92 - Trying to infer dataType org.springframework.ui.ModelMap
2018-07-28 16:33:53,393  WARN ParameterDataTypeReader:92 - Trying to infer dataType org.springframework.ui.ModelMap
2018-07-28 16:33:53,394  WARN ParameterDataTypeReader:92 - Trying to infer dataType org.springframework.ui.ModelMap
2018-07-28 16:33:53,395  WARN ParameterDataTypeReader:92 - Trying to infer dataType org.springframework.ui.ModelMap
2018-07-28 16:33:53,396  WARN ParameterDataTypeReader:92 - Trying to infer dataType org.springframework.ui.ModelMap
2018-07-28 16:33:53,398  WARN ParameterDataTypeReader:92 - Trying to infer dataType org.springframework.ui.ModelMap
2018-07-28 16:33:53,399  WARN ParameterDataTypeReader:92 - Trying to infer dataType org.springframework.ui.ModelMap
2018-07-28 16:33:53,400  WARN ParameterDataTypeReader:92 - Trying to infer dataType org.springframework.ui.ModelMap
2018-07-28 16:33:53,401  WARN ParameterDataTypeReader:92 - Trying to infer dataType org.springframework.ui.ModelMap
2018-07-28 16:33:53,402  WARN ParameterDataTypeReader:92 - Trying to infer dataType org.springframework.ui.ModelMap
2018-07-28 16:33:53,403  WARN ParameterDataTypeReader:92 - Trying to infer dataType org.springframework.ui.ModelMap
2018-07-28 16:33:53,404  WARN ParameterDataTypeReader:92 - Trying to infer dataType org.springframework.ui.ModelMap
2018-07-28 16:33:53,405  WARN ParameterDataTypeReader:92 - Trying to infer dataType org.springframework.ui.ModelMap
2018-07-28 16:33:53,406  WARN ParameterDataTypeReader:92 - Trying to infer dataType org.springframework.ui.ModelMap
2018-07-28 16:33:53,407  WARN ParameterDataTypeReader:92 - Trying to infer dataType org.springframework.ui.ModelMap
2018-07-28 16:33:53,409  WARN ParameterDataTypeReader:92 - Trying to infer dataType org.springframework.ui.ModelMap
2018-07-28 16:33:53,410  WARN ParameterDataTypeReader:92 - Trying to infer dataType org.springframework.ui.ModelMap
2018-07-28 16:33:53,411  WARN ParameterDataTypeReader:92 - Trying to infer dataType org.springframework.ui.ModelMap
2018-07-28 16:33:53,412  WARN ParameterDataTypeReader:92 - Trying to infer dataType org.springframework.ui.ModelMap
2018-07-28 16:33:53,413  WARN ParameterDataTypeReader:92 - Trying to infer dataType org.springframework.ui.ModelMap
2018-07-28 16:33:53,414  WARN ParameterDataTypeReader:92 - Trying to infer dataType org.springframework.ui.ModelMap
2018-07-28 16:33:53,415  WARN ParameterDataTypeReader:92 - Trying to infer dataType org.springframework.ui.ModelMap
2018-07-28 16:33:53,416  WARN ParameterDataTypeReader:92 - Trying to infer dataType org.springframework.ui.ModelMap
2018-07-28 16:33:53,450  INFO ScheduledAnnotationBeanPostProcessor:275 - No TaskScheduler/ScheduledExecutorService bean found for scheduled processing
2018-07-28 16:33:53,456  INFO ApplicationTest:59 - Started ApplicationTest in 6.031 seconds (JVM running for 6.712)
2018-07-28 16:33:53,558  INFO ApplicationTest:300 - 输出info
2018-07-28 16:33:53,558 ERROR ApplicationTest:302 - 输出error
2018-07-28 16:33:53,561  INFO GenericWebApplicationContext:989 - Closing org.springframework.web.context.support.GenericWebApplicationContext@39de3d36: startup date [Sat Jul 28 16:33:47 CST 2018]; root of context hierarchy
2018-07-28 16:33:53,563  INFO DefaultLifecycleProcessor:366 - Stopping beans in phase 2147483647
2018-07-28 16:33:53,571  INFO LocalContainerEntityManagerFactoryBean:572 - Closing JPA EntityManagerFactory for persistence unit 'secondaryPersistenceUnit'
2018-07-28 16:33:53,571  INFO LocalContainerEntityManagerFactoryBean:572 - Closing JPA EntityManagerFactory for persistence unit 'primaryPersistenceUnit'
2018-07-28 16:33:53,572  INFO HikariDataSource:381 - HikariPool-2 - Shutdown initiated...
2018-07-28 16:33:53,574  INFO HikariDataSource:383 - HikariPool-2 - Shutdown completed.
2018-07-28 16:33:53,574  INFO HikariDataSource:381 - HikariPool-1 - Shutdown initiated...
2018-07-28 16:33:53,575  INFO HikariDataSource:383 - HikariPool-1 - Shutdown completed.
2018-07-28 16:34:32,594  INFO SpringBootTestContextBootstrapper:308 - Neither @ContextConfiguration nor @ContextHierarchy found for test class [com.example.space.ApplicationTest], using SpringBootContextLoader
2018-07-28 16:34:32,602  INFO AbstractContextLoader:264 - Could not detect default resource locations for test class [com.example.space.ApplicationTest]: no resource found for suffixes {-context.xml, Context.groovy}.
2018-07-28 16:34:32,603  INFO AnnotationConfigContextLoaderUtils:82 - Could not detect default configuration classes for test class [com.example.space.ApplicationTest]: ApplicationTest does not declare any static, non-private, non-final, nested classes annotated with @Configuration.
2018-07-28 16:34:32,727  INFO SpringBootTestContextBootstrapper:244 - Found @SpringBootConfiguration com.example.space.Application for test class com.example.space.ApplicationTest
2018-07-28 16:34:32,826  INFO SpringBootTestContextBootstrapper:248 - Loaded default TestExecutionListener class names from location [META-INF/spring.factories]: [org.springframework.boot.test.mock.mockito.MockitoTestExecutionListener, org.springframework.boot.test.mock.mockito.ResetMocksTestExecutionListener, org.springframework.boot.test.autoconfigure.restdocs.RestDocsTestExecutionListener, org.springframework.boot.test.autoconfigure.web.client.MockRestServiceServerResetTestExecutionListener, org.springframework.boot.test.autoconfigure.web.servlet.MockMvcPrintOnlyOnFailureTestExecutionListener, org.springframework.boot.test.autoconfigure.web.servlet.WebDriverTestExecutionListener, org.springframework.test.context.web.ServletTestExecutionListener, org.springframework.test.context.support.DirtiesContextBeforeModesTestExecutionListener, org.springframework.test.context.support.DependencyInjectionTestExecutionListener, org.springframework.test.context.support.DirtiesContextTestExecutionListener, org.springframework.test.context.transaction.TransactionalTestExecutionListener, org.springframework.test.context.jdbc.SqlScriptsTestExecutionListener]
2018-07-28 16:34:32,942  INFO SpringBootTestContextBootstrapper:177 - Using TestExecutionListeners: [org.springframework.test.context.web.ServletTestExecutionListener@120f102b, org.springframework.test.context.support.DirtiesContextBeforeModesTestExecutionListener@625732, org.springframework.boot.test.mock.mockito.MockitoTestExecutionListener@51dcb805, org.springframework.boot.test.autoconfigure.SpringBootDependencyInjectionTestExecutionListener@66498326, org.springframework.test.context.support.DirtiesContextTestExecutionListener@cad498c, org.springframework.test.context.transaction.TransactionalTestExecutionListener@1e6454ec, org.springframework.test.context.jdbc.SqlScriptsTestExecutionListener@2accdbb5, org.springframework.boot.test.mock.mockito.ResetMocksTestExecutionListener@b62d79, org.springframework.boot.test.autoconfigure.restdocs.RestDocsTestExecutionListener@6631f5ca, org.springframework.boot.test.autoconfigure.web.client.MockRestServiceServerResetTestExecutionListener@5ace1ed4, org.springframework.boot.test.autoconfigure.web.servlet.MockMvcPrintOnlyOnFailureTestExecutionListener@1613674b, org.springframework.boot.test.autoconfigure.web.servlet.WebDriverTestExecutionListener@27ff5d15]
2018-07-28 16:34:33,009  INFO Version:21 - HV000001: Hibernate Validator 6.0.7.Final
2018-07-28 16:34:33,202  INFO ApplicationTest:50 - Starting ApplicationTest on liyu-pc with PID 7370 (started by liyu in /home/liyu/repo/springboot_tutorial)
2018-07-28 16:34:33,202  INFO ApplicationTest:656 - The following profiles are active: dev
2018-07-28 16:34:33,223  INFO GenericWebApplicationContext:589 - Refreshing org.springframework.web.context.support.GenericWebApplicationContext@39de3d36: startup date [Sat Jul 28 16:34:33 CST 2018]; root of context hierarchy
2018-07-28 16:34:33,820  INFO RepositoryConfigurationDelegate:163 - Multiple Spring Data modules found, entering strict repository configuration mode!
2018-07-28 16:34:33,853  INFO RepositoryConfigurationDelegate:163 - Multiple Spring Data modules found, entering strict repository configuration mode!
2018-07-28 16:34:33,974  INFO RepositoryConfigurationDelegate:163 - Multiple Spring Data modules found, entering strict repository configuration mode!
2018-07-28 16:34:33,989  INFO RepositoryConfigurationExtensionSupport:283 - Spring Data MongoDB - Could not safely identify store assignment for repository candidate interface com.example.space.api.domain.primary.UserRepository.
2018-07-28 16:34:33,991  INFO RepositoryConfigurationExtensionSupport:283 - Spring Data MongoDB - Could not safely identify store assignment for repository candidate interface com.example.space.api.domain.secondary.MessageRepository.
2018-07-28 16:34:33,993  INFO DefaultListableBeanFactory:824 - Overriding bean definition for bean 'userMongoRepository' with a different definition: replacing [Root bean: class [org.springframework.data.jpa.repository.support.JpaRepositoryFactoryBean]; scope=; abstract=false; lazyInit=false; autowireMode=0; dependencyCheck=0; autowireCandidate=true; primary=false; factoryBeanName=null; factoryMethodName=null; initMethodName=null; destroyMethodName=null] with [Root bean: class [org.springframework.data.mongodb.repository.support.MongoRepositoryFactoryBean]; scope=; abstract=false; lazyInit=false; autowireMode=0; dependencyCheck=0; autowireCandidate=true; primary=false; factoryBeanName=null; factoryMethodName=null; initMethodName=null; destroyMethodName=null]
2018-07-28 16:34:34,002  INFO RepositoryConfigurationDelegate:163 - Multiple Spring Data modules found, entering strict repository configuration mode!
2018-07-28 16:34:34,009  INFO RepositoryConfigurationExtensionSupport:283 - Spring Data Redis - Could not safely identify store assignment for repository candidate interface com.example.space.api.domain.primary.UserMongoRepository.
2018-07-28 16:34:34,010  INFO RepositoryConfigurationExtensionSupport:283 - Spring Data Redis - Could not safely identify store assignment for repository candidate interface com.example.space.api.domain.primary.UserRepository.
2018-07-28 16:34:34,010  INFO RepositoryConfigurationExtensionSupport:283 - Spring Data Redis - Could not safely identify store assignment for repository candidate interface com.example.space.api.domain.secondary.MessageRepository.
2018-07-28 16:34:34,458  INFO PostProcessorRegistrationDelegate$BeanPostProcessorChecker:328 - Bean 'org.springframework.cache.annotation.ProxyCachingConfiguration' of type [org.springframework.cache.annotation.ProxyCachingConfiguration$$EnhancerBySpringCGLIB$$7aee7626] is not eligible for getting processed by all BeanPostProcessors (for example: not eligible for auto-proxying)
2018-07-28 16:34:34,480  INFO PostProcessorRegistrationDelegate$BeanPostProcessorChecker:328 - Bean 'org.springframework.boot.autoconfigure.cache.CacheAutoConfiguration' of type [org.springframework.boot.autoconfigure.cache.CacheAutoConfiguration$$EnhancerBySpringCGLIB$$6f623aca] is not eligible for getting processed by all BeanPostProcessors (for example: not eligible for auto-proxying)
2018-07-28 16:34:34,503  INFO PostProcessorRegistrationDelegate$BeanPostProcessorChecker:328 - Bean 'org.springframework.boot.context.properties.ConversionServiceDeducer$Factory' of type [org.springframework.boot.context.properties.ConversionServiceDeducer$Factory] is not eligible for getting processed by all BeanPostProcessors (for example: not eligible for auto-proxying)
2018-07-28 16:34:34,506  INFO PostProcessorRegistrationDelegate$BeanPostProcessorChecker:328 - Bean 'spring.cache-org.springframework.boot.autoconfigure.cache.CacheProperties' of type [org.springframework.boot.autoconfigure.cache.CacheProperties] is not eligible for getting processed by all BeanPostProcessors (for example: not eligible for auto-proxying)
2018-07-28 16:34:34,517  INFO PostProcessorRegistrationDelegate$BeanPostProcessorChecker:328 - Bean 'cacheManagerCustomizers' of type [org.springframework.boot.autoconfigure.cache.CacheManagerCustomizers] is not eligible for getting processed by all BeanPostProcessors (for example: not eligible for auto-proxying)
2018-07-28 16:34:34,521  INFO PostProcessorRegistrationDelegate$BeanPostProcessorChecker:328 - Bean 'org.springframework.boot.autoconfigure.cache.RedisCacheConfiguration' of type [org.springframework.boot.autoconfigure.cache.RedisCacheConfiguration$$EnhancerBySpringCGLIB$$1ff3d724] is not eligible for getting processed by all BeanPostProcessors (for example: not eligible for auto-proxying)
2018-07-28 16:34:34,537  INFO PostProcessorRegistrationDelegate$BeanPostProcessorChecker:328 - Bean 'spring.redis-org.springframework.boot.autoconfigure.data.redis.RedisProperties' of type [org.springframework.boot.autoconfigure.data.redis.RedisProperties] is not eligible for getting processed by all BeanPostProcessors (for example: not eligible for auto-proxying)
2018-07-28 16:34:34,546  INFO PostProcessorRegistrationDelegate$BeanPostProcessorChecker:328 - Bean 'org.springframework.boot.autoconfigure.data.redis.LettuceConnectionConfiguration' of type [org.springframework.boot.autoconfigure.data.redis.LettuceConnectionConfiguration$$EnhancerBySpringCGLIB$$46f5fe52] is not eligible for getting processed by all BeanPostProcessors (for example: not eligible for auto-proxying)
2018-07-28 16:34:34,695  INFO PostProcessorRegistrationDelegate$BeanPostProcessorChecker:328 - Bean 'lettuceClientResources' of type [io.lettuce.core.resource.DefaultClientResources] is not eligible for getting processed by all BeanPostProcessors (for example: not eligible for auto-proxying)
2018-07-28 16:34:34,761  INFO PostProcessorRegistrationDelegate$BeanPostProcessorChecker:328 - Bean 'redisConnectionFactory' of type [org.springframework.data.redis.connection.lettuce.LettuceConnectionFactory] is not eligible for getting processed by all BeanPostProcessors (for example: not eligible for auto-proxying)
2018-07-28 16:34:34,779  INFO PostProcessorRegistrationDelegate$BeanPostProcessorChecker:328 - Bean 'cacheManager' of type [org.springframework.data.redis.cache.RedisCacheManager] is not eligible for getting processed by all BeanPostProcessors (for example: not eligible for auto-proxying)
2018-07-28 16:34:34,781  INFO PostProcessorRegistrationDelegate$BeanPostProcessorChecker:328 - Bean 'cacheAutoConfigurationValidator' of type [org.springframework.boot.autoconfigure.cache.CacheAutoConfiguration$CacheManagerValidator] is not eligible for getting processed by all BeanPostProcessors (for example: not eligible for auto-proxying)
2018-07-28 16:34:34,797  INFO PostProcessorRegistrationDelegate$BeanPostProcessorChecker:328 - Bean 'org.springframework.transaction.annotation.ProxyTransactionManagementConfiguration' of type [org.springframework.transaction.annotation.ProxyTransactionManagementConfiguration$$EnhancerBySpringCGLIB$$31dc4008] is not eligible for getting processed by all BeanPostProcessors (for example: not eligible for auto-proxying)
2018-07-28 16:34:34,965  INFO HikariDataSource:110 - HikariPool-1 - Starting...
2018-07-28 16:34:35,130  INFO HikariDataSource:123 - HikariPool-1 - Start completed.
2018-07-28 16:34:35,163  INFO LocalContainerEntityManagerFactoryBean:361 - Building JPA container EntityManagerFactory for persistence unit 'primaryPersistenceUnit'
2018-07-28 16:34:35,177  INFO LogHelper:31 - HHH000204: Processing PersistenceUnitInfo [
	name: primaryPersistenceUnit
	...]
2018-07-28 16:34:35,235  INFO Version:45 - HHH000412: Hibernate Core {5.2.14.Final}
2018-07-28 16:34:35,236  INFO Environment:213 - HHH000206: hibernate.properties not found
2018-07-28 16:34:35,268  INFO Version:66 - HCANN000001: Hibernate Commons Annotations {5.0.1.Final}
2018-07-28 16:34:35,351  INFO HikariDataSource:110 - HikariPool-2 - Starting...
2018-07-28 16:34:35,354  INFO HikariDataSource:123 - HikariPool-2 - Start completed.
2018-07-28 16:34:35,361  INFO Dialect:157 - HHH000400: Using dialect: org.hibernate.dialect.MySQL5Dialect
2018-07-28 16:34:35,737  INFO LocalContainerEntityManagerFactoryBean:394 - Initialized JPA EntityManagerFactory for persistence unit 'primaryPersistenceUnit'
2018-07-28 16:34:35,784  INFO LocalContainerEntityManagerFactoryBean:361 - Building JPA container EntityManagerFactory for persistence unit 'secondaryPersistenceUnit'
2018-07-28 16:34:35,785  INFO LogHelper:31 - HHH000204: Processing PersistenceUnitInfo [
	name: secondaryPersistenceUnit
	...]
2018-07-28 16:34:35,791  INFO Dialect:157 - HHH000400: Using dialect: org.hibernate.dialect.MySQL5Dialect
2018-07-28 16:34:35,822  INFO LocalContainerEntityManagerFactoryBean:394 - Initialized JPA EntityManagerFactory for persistence unit 'secondaryPersistenceUnit'
2018-07-28 16:34:36,228  WARN JpaBaseConfiguration$JpaWebConfiguration$JpaWebMvcConfiguration:235 - spring.jpa.open-in-view is enabled by default. Therefore, database queries may be performed during view rendering. Explicitly configure spring.jpa.open-in-view to disable this warning
2018-07-28 16:34:36,549  INFO QueryTranslatorFactoryInitiator:47 - HHH000397: Using ASTQueryTranslatorFactory
2018-07-28 16:34:36,940  INFO cluster:71 - Cluster created with settings {hosts=[localhost:27017], mode=SINGLE, requiredClusterType=UNKNOWN, serverSelectionTimeout='30000 ms', maxWaitQueueSize=500}
2018-07-28 16:34:37,006  INFO connection:71 - Opened connection [connectionId{localValue:1, serverValue:50}] to localhost:27017
2018-07-28 16:34:37,011  INFO cluster:71 - Monitor thread successfully connected to server with description ServerDescription{address=localhost:27017, type=STANDALONE, state=CONNECTED, ok=true, version=ServerVersion{versionList=[4, 0, 0]}, minWireVersion=0, maxWireVersion=7, maxDocumentSize=16777216, logicalSessionTimeoutMinutes=30, roundTripTimeNanos=2946097}
2018-07-28 16:34:37,233  INFO RequestMappingHandlerMapping:548 - Mapped "{[/hello]}" onto public java.lang.String com.example.space.api.web.HelloController.hello()
2018-07-28 16:34:37,236  INFO RequestMappingHandlerMapping:548 - Mapped "{[/testErrorHandler]}" onto public java.lang.String com.example.space.api.web.HelloController.testErrorHandler(org.springframework.ui.ModelMap) throws java.lang.Exception
2018-07-28 16:34:37,236  INFO RequestMappingHandlerMapping:548 - Mapped "{[/testMyException]}" onto public java.lang.String com.example.space.api.web.HelloController.testMyException(org.springframework.ui.ModelMap) throws java.lang.Exception
2018-07-28 16:34:37,237  INFO RequestMappingHandlerMapping:548 - Mapped "{[/]}" onto public java.lang.String com.example.space.api.web.HelloController.index(org.springframework.ui.ModelMap)
2018-07-28 16:34:37,243  INFO RequestMappingHandlerMapping:548 - Mapped "{[/users/],methods=[GET]}" onto public java.lang.Integer com.example.space.api.web.UserController.getUserList()
2018-07-28 16:34:37,243  INFO RequestMappingHandlerMapping:548 - Mapped "{[/users/],methods=[POST]}" onto public java.lang.String com.example.space.api.web.UserController.postUser(com.example.space.api.domain.primary.User)
2018-07-28 16:34:37,243  INFO RequestMappingHandlerMapping:548 - Mapped "{[/users/{id}],methods=[GET]}" onto public com.example.space.api.domain.primary.User com.example.space.api.web.UserController.getUser(java.lang.Long)
2018-07-28 16:34:37,244  INFO RequestMappingHandlerMapping:548 - Mapped "{[/users/{id}],methods=[PUT]}" onto public java.lang.String com.example.space.api.web.UserController.putUser(java.lang.Long,com.example.space.api.domain.primary.User)
2018-07-28 16:34:37,244  INFO RequestMappingHandlerMapping:548 - Mapped "{[/users],methods=[DELETE]}" onto public java.lang.String com.example.space.api.web.UserController.deleteUser(java.lang.Long)
2018-07-28 16:34:37,247  INFO RequestMappingHandlerMapping:548 - Mapped "{[/swagger-resources]}" onto public org.springframework.http.ResponseEntity<java.util.List<springfox.documentation.swagger.web.SwaggerResource>> springfox.documentation.swagger.web.ApiResourceController.swaggerResources()
2018-07-28 16:34:37,248  INFO RequestMappingHandlerMapping:548 - Mapped "{[/swagger-resources/configuration/ui]}" onto public org.springframework.http.ResponseEntity<springfox.documentation.swagger.web.UiConfiguration> springfox.documentation.swagger.web.ApiResourceController.uiConfiguration()
2018-07-28 16:34:37,248  INFO RequestMappingHandlerMapping:548 - Mapped "{[/swagger-resources/configuration/security]}" onto public org.springframework.http.ResponseEntity<springfox.documentation.swagger.web.SecurityConfiguration> springfox.documentation.swagger.web.ApiResourceController.securityConfiguration()
2018-07-28 16:34:37,253  INFO RequestMappingHandlerMapping:548 - Mapped "{[/error],produces=[text/html]}" onto public org.springframework.web.servlet.ModelAndView org.springframework.boot.autoconfigure.web.servlet.error.BasicErrorController.errorHtml(javax.servlet.http.HttpServletRequest,javax.servlet.http.HttpServletResponse)
2018-07-28 16:34:37,253  INFO RequestMappingHandlerMapping:548 - Mapped "{[/error]}" onto public org.springframework.http.ResponseEntity<java.util.Map<java.lang.String, java.lang.Object>> org.springframework.boot.autoconfigure.web.servlet.error.BasicErrorController.error(javax.servlet.http.HttpServletRequest)
2018-07-28 16:34:37,404  INFO PropertySourcedRequestMappingHandlerMapping:69 - Mapped URL path [/v2/api-docs] onto method [public org.springframework.http.ResponseEntity<springfox.documentation.spring.web.json.Json> springfox.documentation.swagger2.web.Swagger2Controller.getDocumentation(java.lang.String,javax.servlet.http.HttpServletRequest)]
2018-07-28 16:34:37,899  INFO RequestMappingHandlerAdapter:567 - Looking for @ControllerAdvice: org.springframework.web.context.support.GenericWebApplicationContext@39de3d36: startup date [Sat Jul 28 16:34:33 CST 2018]; root of context hierarchy
2018-07-28 16:34:38,010  INFO SimpleUrlHandlerMapping:373 - Mapped URL path [/webjars/**] onto handler of type [class org.springframework.web.servlet.resource.ResourceHttpRequestHandler]
2018-07-28 16:34:38,010  INFO SimpleUrlHandlerMapping:373 - Mapped URL path [/**] onto handler of type [class org.springframework.web.servlet.resource.ResourceHttpRequestHandler]
2018-07-28 16:34:38,041  INFO ExceptionHandlerExceptionResolver:289 - Detected @ExceptionHandler methods in globalExceptionHandler
2018-07-28 16:34:38,085  INFO SimpleUrlHandlerMapping:373 - Mapped URL path [/**/favicon.ico] onto handler of type [class org.springframework.web.servlet.resource.ResourceHttpRequestHandler]
2018-07-28 16:34:38,233  INFO WelcomePageHandlerMapping:61 - Adding welcome page template: index
2018-07-28 16:34:38,484  INFO DefaultLifecycleProcessor:351 - Starting beans in phase 2147483647
2018-07-28 16:34:38,484  INFO DocumentationPluginsBootstrapper:151 - Context refreshed
2018-07-28 16:34:38,503  INFO DocumentationPluginsBootstrapper:154 - Found 1 custom documentation plugin(s)
2018-07-28 16:34:38,529  INFO ApiListingReferenceScanner:41 - Scanning for api listing references
2018-07-28 16:34:38,645  WARN ParameterDataTypeReader:92 - Trying to infer dataType org.springframework.ui.ModelMap
2018-07-28 16:34:38,648  WARN ParameterDataTypeReader:92 - Trying to infer dataType org.springframework.ui.ModelMap
2018-07-28 16:34:38,649  WARN ParameterDataTypeReader:92 - Trying to infer dataType org.springframework.ui.ModelMap
2018-07-28 16:34:38,650  WARN ParameterDataTypeReader:92 - Trying to infer dataType org.springframework.ui.ModelMap
2018-07-28 16:34:38,651  WARN ParameterDataTypeReader:92 - Trying to infer dataType org.springframework.ui.ModelMap
2018-07-28 16:34:38,652  WARN ParameterDataTypeReader:92 - Trying to infer dataType org.springframework.ui.ModelMap
2018-07-28 16:34:38,652  WARN ParameterDataTypeReader:92 - Trying to infer dataType org.springframework.ui.ModelMap
2018-07-28 16:34:38,653  WARN ParameterDataTypeReader:92 - Trying to infer dataType org.springframework.ui.ModelMap
2018-07-28 16:34:38,654  WARN ParameterDataTypeReader:92 - Trying to infer dataType org.springframework.ui.ModelMap
2018-07-28 16:34:38,654  WARN ParameterDataTypeReader:92 - Trying to infer dataType org.springframework.ui.ModelMap
2018-07-28 16:34:38,655  WARN ParameterDataTypeReader:92 - Trying to infer dataType org.springframework.ui.ModelMap
2018-07-28 16:34:38,656  WARN ParameterDataTypeReader:92 - Trying to infer dataType org.springframework.ui.ModelMap
2018-07-28 16:34:38,656  WARN ParameterDataTypeReader:92 - Trying to infer dataType org.springframework.ui.ModelMap
2018-07-28 16:34:38,657  WARN ParameterDataTypeReader:92 - Trying to infer dataType org.springframework.ui.ModelMap
2018-07-28 16:34:38,658  WARN ParameterDataTypeReader:92 - Trying to infer dataType org.springframework.ui.ModelMap
2018-07-28 16:34:38,658  WARN ParameterDataTypeReader:92 - Trying to infer dataType org.springframework.ui.ModelMap
2018-07-28 16:34:38,659  WARN ParameterDataTypeReader:92 - Trying to infer dataType org.springframework.ui.ModelMap
2018-07-28 16:34:38,660  WARN ParameterDataTypeReader:92 - Trying to infer dataType org.springframework.ui.ModelMap
2018-07-28 16:34:38,660  WARN ParameterDataTypeReader:92 - Trying to infer dataType org.springframework.ui.ModelMap
2018-07-28 16:34:38,661  WARN ParameterDataTypeReader:92 - Trying to infer dataType org.springframework.ui.ModelMap
2018-07-28 16:34:38,662  WARN ParameterDataTypeReader:92 - Trying to infer dataType org.springframework.ui.ModelMap
2018-07-28 16:34:38,662  WARN ParameterDataTypeReader:92 - Trying to infer dataType org.springframework.ui.ModelMap
2018-07-28 16:34:38,663  WARN ParameterDataTypeReader:92 - Trying to infer dataType org.springframework.ui.ModelMap
2018-07-28 16:34:38,663  WARN ParameterDataTypeReader:92 - Trying to infer dataType org.springframework.ui.ModelMap
2018-07-28 16:34:38,693  INFO ScheduledAnnotationBeanPostProcessor:275 - No TaskScheduler/ScheduledExecutorService bean found for scheduled processing
2018-07-28 16:34:38,698  INFO ApplicationTest:59 - Started ApplicationTest in 5.719 seconds (JVM running for 6.441)
2018-07-28 16:34:38,803  INFO ApplicationTest:300 - 输出info
2018-07-28 16:34:38,805 ERROR ApplicationTest:302 - 输出error
2018-07-28 16:34:38,810  INFO GenericWebApplicationContext:989 - Closing org.springframework.web.context.support.GenericWebApplicationContext@39de3d36: startup date [Sat Jul 28 16:34:33 CST 2018]; root of context hierarchy
2018-07-28 16:34:38,813  INFO DefaultLifecycleProcessor:366 - Stopping beans in phase 2147483647
2018-07-28 16:34:38,821  INFO LocalContainerEntityManagerFactoryBean:572 - Closing JPA EntityManagerFactory for persistence unit 'secondaryPersistenceUnit'
2018-07-28 16:34:38,822  INFO LocalContainerEntityManagerFactoryBean:572 - Closing JPA EntityManagerFactory for persistence unit 'primaryPersistenceUnit'
2018-07-28 16:34:38,822  INFO HikariDataSource:381 - HikariPool-2 - Shutdown initiated...
2018-07-28 16:34:38,825  INFO HikariDataSource:383 - HikariPool-2 - Shutdown completed.
2018-07-28 16:34:38,825  INFO HikariDataSource:381 - HikariPool-1 - Shutdown initiated...
2018-07-28 16:34:38,826  INFO HikariDataSource:383 - HikariPool-1 - Shutdown completed.
