2018-07-28 16:45:06,067  INFO Application:50 ---- Starting Application on liyu-pc with PID 10063 (/home/liyu/repo/springboot_tutorial/target/classes started by liyu in /home/liyu/repo/springboot_tutorial)
2018-07-28 16:45:06,069 DEBUG Application:53 ---- Running with Spring Boot v2.0.0.RELEASE, Spring v5.0.4.RELEASE
2018-07-28 16:45:06,069  INFO Application:656 ---- The following profiles are active: dev
2018-07-28 16:45:13,240  INFO Application:59 ---- Started Application in 7.609 seconds (JVM running for 7.969)
2018-07-28 16:53:43,175  INFO ApplicationTest:50 ---- Starting ApplicationTest on liyu-pc with PID 12255 (started by liyu in /home/liyu/repo/springboot_tutorial)
2018-07-28 16:53:43,175  INFO ApplicationTest:656 ---- The following profiles are active: dev
2018-07-28 16:53:49,411  INFO ApplicationTest:59 ---- Started ApplicationTest in 6.488 seconds (JVM running for 7.161)
2018-07-28 16:53:49,573  INFO ApplicationTest:300 ---- 输出info
2018-07-28 16:53:49,573 ERROR ApplicationTest:302 ---- 输出error
2018-07-28 16:54:44,752  INFO ApplicationTest:50 ---- Starting ApplicationTest on liyu-pc with PID 12615 (started by liyu in /home/liyu/repo/springboot_tutorial)
2018-07-28 16:54:44,753  INFO ApplicationTest:656 ---- The following profiles are active: dev
2018-07-28 16:54:50,417  INFO ApplicationTest:59 ---- Started ApplicationTest in 5.917 seconds (JVM running for 6.597)
2018-07-28 16:54:50,522  INFO ApplicationTest:300 ---- 输出info
2018-07-28 16:54:50,522 ERROR ApplicationTest:302 ---- 输出error
2018-07-28 16:56:02,989  INFO ApplicationTest:50 ---- Starting ApplicationTest on liyu-pc with PID 13027 (started by liyu in /home/liyu/repo/springboot_tutorial)
2018-07-28 16:56:02,991 DEBUG ApplicationTest:53 ---- Running with Spring Boot v2.0.0.RELEASE, Spring v5.0.4.RELEASE
2018-07-28 16:56:02,991  INFO ApplicationTest:656 ---- The following profiles are active: dev
2018-07-28 16:56:08,758  INFO ApplicationTest:59 ---- Started ApplicationTest in 6.068 seconds (JVM running for 6.697)
2018-07-28 16:56:08,860  INFO ApplicationTest:300 ---- 输出info
2018-07-28 16:56:08,860 DEBUG ApplicationTest:301 ---- 输出debug
2018-07-28 16:56:08,860 ERROR ApplicationTest:302 ---- 输出error
2018-07-28 16:56:24,408  INFO ApplicationTest:50 ---- Starting ApplicationTest on liyu-pc with PID 13203 (started by liyu in /home/liyu/repo/springboot_tutorial)
2018-07-28 16:56:24,410 DEBUG ApplicationTest:53 ---- Running with Spring Boot v2.0.0.RELEASE, Spring v5.0.4.RELEASE
2018-07-28 16:56:24,410  INFO ApplicationTest:656 ---- The following profiles are active: dev
2018-07-28 16:56:29,941  INFO ApplicationTest:59 ---- Started ApplicationTest in 5.777 seconds (JVM running for 6.481)
2018-07-28 16:56:30,090  INFO ApplicationTest:300 ---- 输出info
2018-07-28 16:56:30,091 DEBUG ApplicationTest:301 ---- 输出debug
2018-07-28 16:56:30,091 ERROR ApplicationTest:302 ---- 输出error
2018-07-28 16:57:18,810  INFO ApplicationTest:50 ---- Starting ApplicationTest on liyu-pc with PID 13506 (started by liyu in /home/liyu/repo/springboot_tutorial)
2018-07-28 16:57:18,812 DEBUG ApplicationTest:53 ---- Running with Spring Boot v2.0.0.RELEASE, Spring v5.0.4.RELEASE
2018-07-28 16:57:18,812  INFO ApplicationTest:656 ---- The following profiles are active: dev
2018-07-28 16:57:24,394  INFO ApplicationTest:59 ---- Started ApplicationTest in 5.857 seconds (JVM running for 6.57)
2018-07-28 16:57:24,521  INFO ApplicationTest:300 ---- 输出info
2018-07-28 16:57:24,522 DEBUG ApplicationTest:301 ---- 输出debug
2018-07-28 16:57:24,522 ERROR ApplicationTest:302 ---- 输出error
2018-07-28 16:57:48,100  INFO ApplicationTest:50 ---- Starting ApplicationTest on liyu-pc with PID 13711 (started by liyu in /home/liyu/repo/springboot_tutorial)
2018-07-28 16:57:48,102 DEBUG ApplicationTest:53 ---- Running with Spring Boot v2.0.0.RELEASE, Spring v5.0.4.RELEASE
2018-07-28 16:57:48,102  INFO ApplicationTest:656 ---- The following profiles are active: dev
2018-07-28 16:57:53,890  INFO ApplicationTest:59 ---- Started ApplicationTest in 6.037 seconds (JVM running for 6.729)
2018-07-28 16:57:54,013  INFO ApplicationTest:300 ---- 输出info
2018-07-28 16:57:54,013 DEBUG ApplicationTest:301 ---- 输出debug
2018-07-28 16:57:54,013 ERROR ApplicationTest:302 ---- 输出error
